Построение начато 18.09.2021 15:13:52.
     1>Проект "c:\Users\losharik 3\documents\visual studio 2010\Projects\Lab_5\Lab_5\Lab_5.vcxproj" в узле 2 (целевые объекты build).
     1>PrepareForBuild:
         Создание каталога "c:\users\losharik 3\documents\visual studio 2010\Projects\Lab_5\Debug\".
       InitializeBuildStatus:
         Создание "Debug\Lab_5.unsuccessfulbuild", так как было задано "AlwaysCreate".
       ClCompile:
         C:\Program Files (x86)\Microsoft Visual Studio 10.0\VC\bin\CL.exe /c /ZI /nologo /W3 /WX- /Od /Oy- /D WIN32 /D _DEBUG /D _CONSOLE /D _UNICODE /D UNICODE /Gm /EHsc /RTC1 /MDd /GS /fp:precise /Zc:wchar_t /Zc:forScope /Yc"StdAfx.h" /Fp"Debug\Lab_5.pch" /Fo"Debug\\" /Fd"Debug\vc100.pdb" /Gd /TP /analyze- /errorReport:prompt stdafx.cpp
         stdafx.cpp
         C:\Program Files (x86)\Microsoft Visual Studio 10.0\VC\bin\CL.exe /c /ZI /nologo /W3 /WX- /Od /Oy- /D WIN32 /D _DEBUG /D _CONSOLE /D _UNICODE /D UNICODE /Gm /EHsc /RTC1 /MDd /GS /fp:precise /Zc:wchar_t /Zc:forScope /Yu"StdAfx.h" /Fp"Debug\Lab_5.pch" /Fo"Debug\\" /Fd"Debug\vc100.pdb" /Gd /TP /analyze- /errorReport:prompt Lab_5.cpp
         Lab_5.cpp
     1>c:\users\losharik 3\documents\visual studio 2010\projects\lab_5\lab_5\lab_5.cpp(93): warning C4996: 'scanf': This function or variable may be unsafe. Consider using scanf_s instead. To disable deprecation, use _CRT_SECURE_NO_WARNINGS. See online help for details.
                 c:\program files (x86)\microsoft visual studio 10.0\vc\include\stdio.h(304): см. объявление "scanf"
     1>c:\users\losharik 3\documents\visual studio 2010\projects\lab_5\lab_5\lab_5.cpp(98): warning C4996: 'getch': The POSIX name for this item is deprecated. Instead, use the ISO C++ conformant name: _getch. See online help for details.
                 c:\program files (x86)\microsoft visual studio 10.0\vc\include\conio.h(128): см. объявление "getch"
       ManifestResourceCompile:
         C:\Program Files (x86)\Microsoft SDKs\Windows\v7.0A\bin\rc.exe /nologo /fo"Debug\Lab_5.exe.embed.manifest.res" Debug\Lab_5_manifest.rc 
       Link:
         C:\Program Files (x86)\Microsoft Visual Studio 10.0\VC\bin\link.exe /ERRORREPORT:PROMPT /OUT:"c:\users\losharik 3\documents\visual studio 2010\Projects\Lab_5\Debug\Lab_5.exe" /INCREMENTAL /NOLOGO kernel32.lib user32.lib gdi32.lib winspool.lib comdlg32.lib advapi32.lib shell32.lib ole32.lib oleaut32.lib uuid.lib odbc32.lib odbccp32.lib /MANIFEST /ManifestFile:"Debug\Lab_5.exe.intermediate.manifest" /MANIFESTUAC:"level='asInvoker' uiAccess='false'" /DEBUG /PDB:"c:\users\losharik 3\documents\visual studio 2010\Projects\Lab_5\Debug\Lab_5.pdb" /SUBSYSTEM:CONSOLE /TLBID:1 /DYNAMICBASE /NXCOMPAT /IMPLIB:"c:\users\losharik 3\documents\visual studio 2010\Projects\Lab_5\Debug\Lab_5.lib" /MACHINE:X86 Debug\Lab_5.exe.embed.manifest.res
         Debug\Lab_5.obj
         Debug\stdafx.obj
       Manifest:
         C:\Program Files (x86)\Microsoft SDKs\Windows\v7.0A\bin\mt.exe /nologo /verbose /out:"Debug\Lab_5.exe.embed.manifest" /manifest Debug\Lab_5.exe.intermediate.manifest
         C:\Program Files (x86)\Microsoft SDKs\Windows\v7.0A\bin\rc.exe /nologo /fo"Debug\Lab_5.exe.embed.manifest.res" Debug\Lab_5_manifest.rc 
       LinkEmbedManifest:
         C:\Program Files (x86)\Microsoft Visual Studio 10.0\VC\bin\link.exe /ERRORREPORT:PROMPT /OUT:"c:\users\losharik 3\documents\visual studio 2010\Projects\Lab_5\Debug\Lab_5.exe" /INCREMENTAL /NOLOGO kernel32.lib user32.lib gdi32.lib winspool.lib comdlg32.lib advapi32.lib shell32.lib ole32.lib oleaut32.lib uuid.lib odbc32.lib odbccp32.lib /MANIFEST /ManifestFile:"Debug\Lab_5.exe.intermediate.manifest" /MANIFESTUAC:"level='asInvoker' uiAccess='false'" /DEBUG /PDB:"c:\users\losharik 3\documents\visual studio 2010\Projects\Lab_5\Debug\Lab_5.pdb" /SUBSYSTEM:CONSOLE /TLBID:1 /DYNAMICBASE /NXCOMPAT /IMPLIB:"c:\users\losharik 3\documents\visual studio 2010\Projects\Lab_5\Debug\Lab_5.lib" /MACHINE:X86 Debug\Lab_5.exe.embed.manifest.res
         Debug\Lab_5.obj
         Debug\stdafx.obj
         Lab_5.vcxproj -> c:\users\losharik 3\documents\visual studio 2010\Projects\Lab_5\Debug\Lab_5.exe
       FinalizeBuildStatus:
         Файл "Debug\Lab_5.unsuccessfulbuild" удаляется.
         Обращение к "Debug\Lab_5.lastbuildstate".
     1>Построение проекта "c:\Users\losharik 3\documents\visual studio 2010\Projects\Lab_5\Lab_5\Lab_5.vcxproj" завершено (целевые объекты build).

Построение успешно завершено.

Затраченное время: 00:00:06.69
